{"C:\\Users\\user\\Desktop\\ReactNativeProject\\reduxToDo\\redux_to_do\\App.js": {"path":"C:\\Users\\user\\Desktop\\ReactNativeProject\\reduxToDo\\redux_to_do\\App.js","statementMap":{"0":{"start":{"line":6,"column":2},"end":{"line":10,"column":4}},"1":{"start":{"line":13,"column":15},"end":{"line":17,"column":2}}},"fnMap":{"0":{"name":"App","decl":{"start":{"line":5,"column":24},"end":{"line":5,"column":27}},"loc":{"start":{"line":5,"column":30},"end":{"line":11,"column":1}},"line":5}},"branchMap":{},"s":{"0":1,"1":1},"f":{"0":1},"b":{},"_coverageSchema":"1a1c01bbd47fc00a2c39e90264f33305004495a9","hash":"e916ecb98ab869b2f2653e407b2cc7cba0cc444a"}
,"C:\\Users\\user\\Desktop\\ReactNativeProject\\reduxToDo\\redux_to_do\\components\\CustomButton.js": {"path":"C:\\Users\\user\\Desktop\\ReactNativeProject\\reduxToDo\\redux_to_do\\components\\CustomButton.js","statementMap":{"0":{"start":{"line":5,"column":2},"end":{"line":17,"column":4}},"1":{"start":{"line":9,"column":10},"end":{"line":9,"column":67}},"2":{"start":{"line":22,"column":15},"end":{"line":38,"column":2}}},"fnMap":{"0":{"name":"CustomButton","decl":{"start":{"line":4,"column":9},"end":{"line":4,"column":21}},"loc":{"start":{"line":4,"column":45},"end":{"line":18,"column":1}},"line":4},"1":{"name":"(anonymous_1)","decl":{"start":{"line":8,"column":15},"end":{"line":8,"column":16}},"loc":{"start":{"line":9,"column":10},"end":{"line":9,"column":67}},"line":9}},"branchMap":{"0":{"loc":{"start":{"line":9,"column":10},"end":{"line":9,"column":67}},"type":"cond-expr","locations":[{"start":{"line":9,"column":20},"end":{"line":9,"column":51}},{"start":{"line":9,"column":54},"end":{"line":9,"column":67}}],"line":9}},"s":{"0":47,"1":48,"2":3},"f":{"0":47,"1":48},"b":{"0":[1,47]},"_coverageSchema":"1a1c01bbd47fc00a2c39e90264f33305004495a9","hash":"a0f18f61290fe5c98aec498e990c0266076f2873"}
,"C:\\Users\\user\\Desktop\\ReactNativeProject\\reduxToDo\\redux_to_do\\components\\RenderItem.js": {"path":"C:\\Users\\user\\Desktop\\ReactNativeProject\\reduxToDo\\redux_to_do\\components\\RenderItem.js","statementMap":{"0":{"start":{"line":6,"column":19},"end":{"line":55,"column":1}},"1":{"start":{"line":7,"column":38},"end":{"line":7,"column":52}},"2":{"start":{"line":8,"column":32},"end":{"line":8,"column":51}},"3":{"start":{"line":9,"column":30},"end":{"line":9,"column":51}},"4":{"start":{"line":11,"column":2},"end":{"line":54,"column":4}},"5":{"start":{"line":24,"column":14},"end":{"line":24,"column":78}},"6":{"start":{"line":32,"column":27},"end":{"line":32,"column":57}},"7":{"start":{"line":32,"column":49},"end":{"line":32,"column":56}},"8":{"start":{"line":45,"column":27},"end":{"line":45,"column":49}},"9":{"start":{"line":49,"column":27},"end":{"line":49,"column":60}},"10":{"start":{"line":59,"column":15},"end":{"line":75,"column":2}}},"fnMap":{"0":{"name":"(anonymous_0)","decl":{"start":{"line":6,"column":19},"end":{"line":6,"column":20}},"loc":{"start":{"line":6,"column":47},"end":{"line":55,"column":1}},"line":6},"1":{"name":"(anonymous_1)","decl":{"start":{"line":23,"column":21},"end":{"line":23,"column":22}},"loc":{"start":{"line":24,"column":14},"end":{"line":24,"column":78}},"line":24},"2":{"name":"(anonymous_2)","decl":{"start":{"line":32,"column":21},"end":{"line":32,"column":22}},"loc":{"start":{"line":32,"column":27},"end":{"line":32,"column":57}},"line":32},"3":{"name":"(anonymous_3)","decl":{"start":{"line":32,"column":37},"end":{"line":32,"column":38}},"loc":{"start":{"line":32,"column":49},"end":{"line":32,"column":56}},"line":32},"4":{"name":"(anonymous_4)","decl":{"start":{"line":45,"column":21},"end":{"line":45,"column":22}},"loc":{"start":{"line":45,"column":27},"end":{"line":45,"column":49}},"line":45},"5":{"name":"(anonymous_5)","decl":{"start":{"line":49,"column":21},"end":{"line":49,"column":22}},"loc":{"start":{"line":49,"column":27},"end":{"line":49,"column":60}},"line":49}},"branchMap":{"0":{"loc":{"start":{"line":13,"column":7},"end":{"line":52,"column":7}},"type":"cond-expr","locations":[{"start":{"line":14,"column":8},"end":{"line":27,"column":11}},{"start":{"line":29,"column":8},"end":{"line":51,"column":11}}],"line":13},"1":{"loc":{"start":{"line":31,"column":22},"end":{"line":31,"column":56}},"type":"cond-expr","locations":[{"start":{"line":31,"column":31},"end":{"line":31,"column":45}},{"start":{"line":31,"column":48},"end":{"line":31,"column":56}}],"line":31},"2":{"loc":{"start":{"line":38,"column":36},"end":{"line":38,"column":68}},"type":"cond-expr","locations":[{"start":{"line":38,"column":45},"end":{"line":38,"column":59}},{"start":{"line":38,"column":62},"end":{"line":38,"column":68}}],"line":38}},"s":{"0":2,"1":14,"2":14,"3":14,"4":14,"5":1,"6":1,"7":1,"8":2,"9":1,"10":2},"f":{"0":14,"1":1,"2":1,"3":1,"4":2,"5":1},"b":{"0":[3,11],"1":[1,10],"2":[1,10]},"_coverageSchema":"1a1c01bbd47fc00a2c39e90264f33305004495a9","hash":"11874986b22fe08e682e047e4a7c630c40642704"}
,"C:\\Users\\user\\Desktop\\ReactNativeProject\\reduxToDo\\redux_to_do\\screen\\ToDoScreen.js": {"path":"C:\\Users\\user\\Desktop\\ReactNativeProject\\reduxToDo\\redux_to_do\\screen\\ToDoScreen.js","statementMap":{"0":{"start":{"line":8,"column":42},"end":{"line":8,"column":54}},"1":{"start":{"line":9,"column":36},"end":{"line":9,"column":48}},"2":{"start":{"line":11,"column":2},"end":{"line":43,"column":4}},"3":{"start":{"line":25,"column":12},"end":{"line":25,"column":67}},"4":{"start":{"line":34,"column":12},"end":{"line":34,"column":75}},"5":{"start":{"line":37,"column":12},"end":{"line":37,"column":27}},"6":{"start":{"line":46,"column":15},"end":{"line":71,"column":2}}},"fnMap":{"0":{"name":"ToDoScreen","decl":{"start":{"line":7,"column":24},"end":{"line":7,"column":34}},"loc":{"start":{"line":7,"column":37},"end":{"line":44,"column":1}},"line":7},"1":{"name":"(anonymous_1)","decl":{"start":{"line":24,"column":19},"end":{"line":24,"column":20}},"loc":{"start":{"line":25,"column":12},"end":{"line":25,"column":67}},"line":25},"2":{"name":"(anonymous_2)","decl":{"start":{"line":33,"column":22},"end":{"line":33,"column":23}},"loc":{"start":{"line":34,"column":12},"end":{"line":34,"column":75}},"line":34},"3":{"name":"(anonymous_3)","decl":{"start":{"line":36,"column":24},"end":{"line":36,"column":25}},"loc":{"start":{"line":36,"column":41},"end":{"line":38,"column":11}},"line":36}},"branchMap":{},"s":{"0":8,"1":8,"2":8,"3":2,"4":4,"5":6,"6":1},"f":{"0":8,"1":2,"2":4,"3":6},"b":{},"_coverageSchema":"1a1c01bbd47fc00a2c39e90264f33305004495a9","hash":"d18223caaf6e0f2ebf0b2b10f41d746dcc552d57"}
,"C:\\Users\\user\\Desktop\\ReactNativeProject\\reduxToDo\\redux_to_do\\util\\util.js": {"path":"C:\\Users\\user\\Desktop\\ReactNativeProject\\reduxToDo\\redux_to_do\\util\\util.js","statementMap":{"0":{"start":{"line":4,"column":2},"end":{"line":9,"column":3}},"1":{"start":{"line":5,"column":4},"end":{"line":7,"column":7}},"2":{"start":{"line":8,"column":4},"end":{"line":8,"column":11}},"3":{"start":{"line":10,"column":2},"end":{"line":13,"column":5}},"4":{"start":{"line":10,"column":31},"end":{"line":13,"column":3}},"5":{"start":{"line":14,"column":2},"end":{"line":14,"column":22}},"6":{"start":{"line":18,"column":2},"end":{"line":24,"column":5}},"7":{"start":{"line":19,"column":20},"end":{"line":19,"column":63}},"8":{"start":{"line":19,"column":48},"end":{"line":19,"column":62}},"9":{"start":{"line":20,"column":4},"end":{"line":22,"column":5}},"10":{"start":{"line":21,"column":6},"end":{"line":21,"column":40}},"11":{"start":{"line":23,"column":4},"end":{"line":23,"column":57}},"12":{"start":{"line":23,"column":41},"end":{"line":23,"column":55}},"13":{"start":{"line":34,"column":2},"end":{"line":40,"column":3}},"14":{"start":{"line":35,"column":4},"end":{"line":35,"column":30}},"15":{"start":{"line":36,"column":4},"end":{"line":38,"column":7}},"16":{"start":{"line":39,"column":4},"end":{"line":39,"column":11}},"17":{"start":{"line":41,"column":2},"end":{"line":45,"column":4}},"18":{"start":{"line":42,"column":4},"end":{"line":44,"column":5}},"19":{"start":{"line":43,"column":6},"end":{"line":43,"column":65}},"20":{"start":{"line":46,"column":2},"end":{"line":46,"column":22}}},"fnMap":{"0":{"name":"addNewItem","decl":{"start":{"line":3,"column":16},"end":{"line":3,"column":26}},"loc":{"start":{"line":3,"column":72},"end":{"line":15,"column":1}},"line":3},"1":{"name":"(anonymous_1)","decl":{"start":{"line":6,"column":31},"end":{"line":6,"column":32}},"loc":{"start":{"line":6,"column":37},"end":{"line":6,"column":39}},"line":6},"2":{"name":"(anonymous_2)","decl":{"start":{"line":10,"column":15},"end":{"line":10,"column":16}},"loc":{"start":{"line":10,"column":31},"end":{"line":13,"column":3}},"line":10},"3":{"name":"deleteItem","decl":{"start":{"line":17,"column":16},"end":{"line":17,"column":26}},"loc":{"start":{"line":17,"column":45},"end":{"line":25,"column":1}},"line":17},"4":{"name":"(anonymous_4)","decl":{"start":{"line":18,"column":15},"end":{"line":18,"column":16}},"loc":{"start":{"line":18,"column":33},"end":{"line":24,"column":3}},"line":18},"5":{"name":"(anonymous_5)","decl":{"start":{"line":19,"column":38},"end":{"line":19,"column":39}},"loc":{"start":{"line":19,"column":48},"end":{"line":19,"column":62}},"line":19},"6":{"name":"(anonymous_6)","decl":{"start":{"line":23,"column":31},"end":{"line":23,"column":32}},"loc":{"start":{"line":23,"column":41},"end":{"line":23,"column":55}},"line":23},"7":{"name":"editItem","decl":{"start":{"line":27,"column":16},"end":{"line":27,"column":24}},"loc":{"start":{"line":33,"column":2},"end":{"line":47,"column":1}},"line":33},"8":{"name":"(anonymous_8)","decl":{"start":{"line":41,"column":15},"end":{"line":41,"column":16}},"loc":{"start":{"line":42,"column":4},"end":{"line":44,"column":5}},"line":42},"9":{"name":"(anonymous_9)","decl":{"start":{"line":42,"column":21},"end":{"line":42,"column":22}},"loc":{"start":{"line":43,"column":6},"end":{"line":43,"column":65}},"line":43}},"branchMap":{"0":{"loc":{"start":{"line":4,"column":2},"end":{"line":9,"column":3}},"type":"if","locations":[{"start":{"line":4,"column":2},"end":{"line":9,"column":3}},{"start":{},"end":{}}],"line":4},"1":{"loc":{"start":{"line":20,"column":4},"end":{"line":22,"column":5}},"type":"if","locations":[{"start":{"line":20,"column":4},"end":{"line":22,"column":5}},{"start":{},"end":{}}],"line":20},"2":{"loc":{"start":{"line":34,"column":2},"end":{"line":40,"column":3}},"type":"if","locations":[{"start":{"line":34,"column":2},"end":{"line":40,"column":3}},{"start":{},"end":{}}],"line":34},"3":{"loc":{"start":{"line":43,"column":6},"end":{"line":43,"column":65}},"type":"cond-expr","locations":[{"start":{"line":43,"column":32},"end":{"line":43,"column":58}},{"start":{"line":43,"column":61},"end":{"line":43,"column":65}}],"line":43}},"s":{"0":4,"1":1,"2":1,"3":3,"4":3,"5":3,"6":3,"7":3,"8":3,"9":3,"10":1,"11":2,"12":2,"13":3,"14":1,"15":1,"16":1,"17":2,"18":2,"19":3,"20":2},"f":{"0":4,"1":0,"2":3,"3":3,"4":3,"5":3,"6":2,"7":3,"8":2,"9":3},"b":{"0":[1,3],"1":[1,2],"2":[1,2],"3":[2,1]},"_coverageSchema":"1a1c01bbd47fc00a2c39e90264f33305004495a9","hash":"5599b2882abbb2110cae97e884f76e616328ce36"}
}
