TN:
SF:App.js
FN:5,App
FNF:1
FNH:1
FNDA:1,App
DA:6,1
DA:13,1
LF:2
LH:2
BRF:0
BRH:0
end_of_record
TN:
SF:components\CustomButton.js
FN:4,CustomButton
FN:8,(anonymous_1)
FNF:2
FNH:2
FNDA:47,CustomButton
FNDA:48,(anonymous_1)
DA:5,47
DA:9,48
DA:22,3
LF:3
LH:3
BRDA:9,0,0,1
BRDA:9,0,1,47
BRF:2
BRH:2
end_of_record
TN:
SF:components\RenderItem.js
FN:6,(anonymous_0)
FN:23,(anonymous_1)
FN:32,(anonymous_2)
FN:32,(anonymous_3)
FN:45,(anonymous_4)
FN:49,(anonymous_5)
FNF:6
FNH:6
FNDA:14,(anonymous_0)
FNDA:1,(anonymous_1)
FNDA:1,(anonymous_2)
FNDA:1,(anonymous_3)
FNDA:2,(anonymous_4)
FNDA:1,(anonymous_5)
DA:6,2
DA:7,14
DA:8,14
DA:9,14
DA:11,14
DA:24,1
DA:32,1
DA:45,2
DA:49,1
DA:59,2
LF:10
LH:10
BRDA:13,0,0,3
BRDA:13,0,1,11
BRDA:31,1,0,1
BRDA:31,1,1,10
BRDA:38,2,0,1
BRDA:38,2,1,10
BRF:6
BRH:6
end_of_record
TN:
SF:screen\ToDoScreen.js
FN:7,ToDoScreen
FN:24,(anonymous_1)
FN:33,(anonymous_2)
FN:36,(anonymous_3)
FNF:4
FNH:4
FNDA:8,ToDoScreen
FNDA:2,(anonymous_1)
FNDA:4,(anonymous_2)
FNDA:6,(anonymous_3)
DA:8,8
DA:9,8
DA:11,8
DA:25,2
DA:34,4
DA:37,6
DA:46,1
LF:7
LH:7
BRF:0
BRH:0
end_of_record
TN:
SF:util\util.js
FN:3,addNewItem
FN:6,(anonymous_1)
FN:10,(anonymous_2)
FN:17,deleteItem
FN:18,(anonymous_4)
FN:19,(anonymous_5)
FN:23,(anonymous_6)
FN:27,editItem
FN:41,(anonymous_8)
FN:42,(anonymous_9)
FNF:10
FNH:9
FNDA:4,addNewItem
FNDA:0,(anonymous_1)
FNDA:3,(anonymous_2)
FNDA:3,deleteItem
FNDA:3,(anonymous_4)
FNDA:3,(anonymous_5)
FNDA:2,(anonymous_6)
FNDA:3,editItem
FNDA:2,(anonymous_8)
FNDA:3,(anonymous_9)
DA:4,4
DA:5,1
DA:8,1
DA:10,3
DA:14,3
DA:18,3
DA:19,3
DA:20,3
DA:21,1
DA:23,2
DA:34,3
DA:35,1
DA:36,1
DA:39,1
DA:41,2
DA:42,2
DA:43,3
DA:46,2
LF:18
LH:18
BRDA:4,0,0,1
BRDA:4,0,1,3
BRDA:20,1,0,1
BRDA:20,1,1,2
BRDA:34,2,0,1
BRDA:34,2,1,2
BRDA:43,3,0,2
BRDA:43,3,1,1
BRF:8
BRH:8
end_of_record
